<?xml version="1.0" encoding="UTF-8"?>
<testng-results skipped="0" failed="0" total="1" passed="1">
  <reporter-output>
  </reporter-output>
  <suite name="Default suite" duration-ms="4998" started-at="2018-09-23T20:38:07Z" finished-at="2018-09-23T20:38:12Z">
    <groups>
    </groups>
    <test name="Default test" duration-ms="4998" started-at="2018-09-23T20:38:07Z" finished-at="2018-09-23T20:38:12Z">
      <class name="test.Test99GuruLogin">
        <test-method status="PASS" signature="setup()[pri:0, instance:test.Test99GuruLogin@17c386de]" name="setup" is-config="true" duration-ms="4216" started-at="2018-09-23T16:38:07Z" finished-at="2018-09-23T16:38:12Z">
          <reporter-output>
          </reporter-output>
        </test-method> <!-- setup -->
        <test-method status="PASS" signature="test_Home_Page_Appear_Correct()[pri:0, instance:test.Test99GuruLogin@17c386de]" name="test_Home_Page_Appear_Correct" duration-ms="675" started-at="2018-09-23T16:38:12Z" finished-at="2018-09-23T16:38:12Z">
          <reporter-output>
          </reporter-output>
        </test-method> <!-- test_Home_Page_Appear_Correct -->
      </class> <!-- test.Test99GuruLogin -->
    </test> <!-- Default test -->
  </suite> <!-- Default suite -->
</testng-results>
